
> alshaer@22.0.0 build
> next build

   [1m[38;2;173;127;168mÔû▓ Next.js 15.1.4[39m[22m

 [37m[1m [22m[39m Creating an optimized production build ...
Failed to compile.

./src/features/blog/components/PostsPreview.tsx
Module not found: Can't resolve '../../layout/ReusableCard'

https://nextjs.org/docs/messages/module-not-found


> Build failed because of webpack errors

> alshaer@22.0.0 build
> next build

   [1m[38;2;173;127;168mÔû▓ Next.js 15.1.4[39m[22m

 [37m[1m [22m[39m Creating an optimized production build ...
Failed to compile.

./src/features/landing/components/ReusableCard.tsx
Module not found: Can't resolve '@/lib/utils'

https://nextjs.org/docs/messages/module-not-found

Import trace for requested module:
./src/features/blog/components/PostsPreview.tsx

./src/features/landing/components/ReusableCard.tsx
Module not found: Can't resolve '../../shared/ui/Folder'

https://nextjs.org/docs/messages/module-not-found

Import trace for requested module:
./src/features/blog/components/PostsPreview.tsx

./src/features/landing/components/ReusableCard.tsx
Module not found: Can't resolve '../../shared/ui/MagicCard'

https://nextjs.org/docs/messages/module-not-found

Import trace for requested module:
./src/features/blog/components/PostsPreview.tsx


> Build failed because of webpack errors
