
> alshaer@22.0.0 build
> next build

ÔÜá Attempted to load @next/swc-win32-x64-msvc, but an error occurred: A dynamic link library (DLL) initialization routine failed.
\\?\C:\Users\Baraa\Desktop\work\softwareDevelopment\openSource\alshaer\node_modules\@next\swc-win32-x64-msvc\next-swc.win32-x64-msvc.node
  Skipping creating a lockfile at C:\Users\Baraa\Desktop\work\softwareDevelopment\openSource\alshaer\.next\lock because we're using WASM bindings
Ôû▓ Next.js 16.1.0 (Turbopack)
- Environments: .env.local

  Creating an optimized production build ...
Browserslist: browsers data (caniuse-lite) is 12 months old. Please run:
  npx update-browserslist-db@latest
  Why you should do it regularly: https://github.com/browserslist/update-db#readme
Ô£ô Compiled successfully in 15.2s
  Running TypeScript ...
  Collecting page data using 7 workers ...
  Generating static pages using 7 workers (0/11) ...
  Generating static pages using 7 workers (2/11) 
  Generating static pages using 7 workers (5/11) 
  Generating static pages using 7 workers (8/11) 
Ô£ô Generating static pages using 7 workers (11/11) in 646.5ms
  Finalizing page optimization ...

Route (app)
Ôöî Ôùï /
Ôö£ Ôùï /_not-found
Ôö£ Ôùï /apple-icon.png
Ôö£ Ôùï /contact
Ôö£ Ôùï /icon0.svg
Ôö£ Ôùï /icon1.png
Ôö£ Ôùï /manifest.webmanifest
Ôö£ Ôùï /posts
Ôöö Ôùï /sitemap.xml


Ôùï  (Static)  prerendered as static content

